<?xml version="1.0" encoding="UTF-8"?>
<robot generator="Robot 7.4.1 (Python 3.13.1 on win32)" generated="2026-01-01T12:02:46.460087" rpa="false" schemaversion="5">
<suite id="s1" name="Lab4 robot" source="C:\Users\papop\OneDrive\เดสก์ท็อป\sofware en\lab4_automation\TestAutomationLab\Lab4_robot.robot">
<test id="s1-t1" name="Open Registration Page" line="11">
<kw name="Open Browser" owner="SeleniumLibrary">
<msg time="2026-01-01T12:02:46.690584" level="INFO">Opening browser 'Chrome' to base url 'http://localhost:7272/Lab4/Registration.html'.</msg>
<arg>${REGISTER URL}</arg>
<arg>${BROWSER}</arg>
<doc>Opens a new browser instance to the optional ``url``.</doc>
<status status="PASS" start="2026-01-01T12:02:46.690362" elapsed="1.439723"/>
</kw>
<kw name="Set Selenium Speed" owner="SeleniumLibrary">
<arg>${DELAY}</arg>
<doc>Sets the delay that is waited after each Selenium command.</doc>
<status status="PASS" start="2026-01-01T12:02:48.130535" elapsed="0.000482"/>
</kw>
<kw name="Input Text" owner="SeleniumLibrary">
<msg time="2026-01-01T12:02:48.131660" level="INFO">Typing text 'Somyod' into text field 'id:firstname'.</msg>
<arg>id:firstname</arg>
<arg>Somyod</arg>
<doc>Types the given ``text`` into the text field identified by ``locator``.</doc>
<status status="PASS" start="2026-01-01T12:02:48.131401" elapsed="3.122460"/>
</kw>
<kw name="Input Text" owner="SeleniumLibrary">
<msg time="2026-01-01T12:02:51.254429" level="INFO">Typing text 'Sodsai' into text field 'id:lastname'.</msg>
<arg>id:lastname</arg>
<arg>Sodsai</arg>
<doc>Types the given ``text`` into the text field identified by ``locator``.</doc>
<status status="PASS" start="2026-01-01T12:02:51.254224" elapsed="3.077674"/>
</kw>
<kw name="Input Text" owner="SeleniumLibrary">
<msg time="2026-01-01T12:02:54.332497" level="INFO">Typing text 'CS KKU' into text field 'id:organization'.</msg>
<arg>id:organization</arg>
<arg>CS KKU</arg>
<doc>Types the given ``text`` into the text field identified by ``locator``.</doc>
<status status="PASS" start="2026-01-01T12:02:54.332301" elapsed="3.053323"/>
</kw>
<kw name="Input Text" owner="SeleniumLibrary">
<msg time="2026-01-01T12:02:57.386590" level="INFO">Typing text 'somyod@kkumail.com' into text field 'id:email'.</msg>
<arg>id:email</arg>
<arg>somyod@kkumail.com</arg>
<doc>Types the given ``text`` into the text field identified by ``locator``.</doc>
<status status="PASS" start="2026-01-01T12:02:57.386313" elapsed="3.059821"/>
</kw>
<kw name="Input Text" owner="SeleniumLibrary">
<msg time="2026-01-01T12:03:00.446618" level="INFO">Typing text '1234' into text field 'id:phone'.</msg>
<arg>id:phone</arg>
<arg>1234</arg>
<doc>Types the given ``text`` into the text field identified by ``locator``.</doc>
<status status="PASS" start="2026-01-01T12:03:00.446440" elapsed="3.075134"/>
</kw>
<kw name="Capture Page Screenshot" owner="SeleniumLibrary">
<msg time="2026-01-01T12:03:04.594924" level="INFO" html="true">&lt;/td&gt;&lt;/tr&gt;&lt;tr&gt;&lt;td colspan="3"&gt;&lt;a href="input6.png"&gt;&lt;img src="input6.png" width="800px"&gt;&lt;/a&gt;</msg>
<arg>filename=input6.png</arg>
<doc>Takes a screenshot of the current page and embeds it into a log file.</doc>
<status status="PASS" start="2026-01-01T12:03:03.522041" elapsed="1.072985"/>
</kw>
<kw name="Click Button" owner="SeleniumLibrary">
<msg time="2026-01-01T12:03:04.595613" level="INFO">Clicking button 'id:registerButton'.</msg>
<arg>id:registerButton</arg>
<doc>Clicks the button identified by ``locator``.</doc>
<status status="PASS" start="2026-01-01T12:03:04.595451" elapsed="3.071408"/>
</kw>
<kw name="Capture Page Screenshot" owner="SeleniumLibrary">
<msg time="2026-01-01T12:03:08.744129" level="INFO" html="true">&lt;/td&gt;&lt;/tr&gt;&lt;tr&gt;&lt;td colspan="3"&gt;&lt;a href="result6.png"&gt;&lt;img src="result6.png" width="800px"&gt;&lt;/a&gt;</msg>
<arg>filename=result6.png</arg>
<doc>Takes a screenshot of the current page and embeds it into a log file.</doc>
<status status="PASS" start="2026-01-01T12:03:07.667757" elapsed="1.076468"/>
</kw>
<kw name="Sleep" owner="BuiltIn">
<msg time="2026-01-01T12:03:13.745251" level="INFO">Slept 5 seconds.</msg>
<arg>5s</arg>
<doc>Pauses the test executed for the given time.</doc>
<status status="PASS" start="2026-01-01T12:03:08.744478" elapsed="5.000869"/>
</kw>
<status status="PASS" start="2026-01-01T12:02:46.689661" elapsed="27.056022"/>
</test>
<status status="PASS" start="2026-01-01T12:02:46.461246" elapsed="27.285027"/>
</suite>
<statistics>
<total>
<stat pass="1" fail="0" skip="0">All Tests</stat>
</total>
<tag>
</tag>
<suite>
<stat name="Lab4 robot" id="s1" pass="1" fail="0" skip="0">Lab4 robot</stat>
</suite>
</statistics>
<errors>
</errors>
</robot>
